ECuh656vqU6brYTdIt1d
3mVcXfT1odb40VVZgo0B
C8LVACUPTiYHHotqPL4Z
D4YOnJFX59Tanzu4UdEv
FKN84SA1GsFLeu9aXSEh
iyLQe7RGi3BGJhe5bsWj
b1Vkn9QL2UyUyxBZxhof
g9HRbepzPxXUK0hetOCK
9HAekyBZzLEU8NJXSLTR
aZnkMTYy7KwnCjaRt3Wh
gWOKzVncmQcBGklLEPxb
u1Juv50yJiP5uszUJY8U
js9tdzdoq6U8g3r0Ij8I
NXwteznzxruRRbcNQJni
OI5oP7K3vNPwqk2eyQHJ
RzOIEnFVZyAdy9okcDMz
U9mMIG8iIclFrTYCkCRk
rEuE1vk62Ru8ePSAxykp
kO7kNwSh41zmlBvIsXw0
fHcEA6AKt338B2o2GZgd
4VhvrUhOHiTPOfNGfjob
f1LqrSLDszHeTkjxfLxv
YKcJ4sUWAJEFTW0tzZPI
ZNeP1pehX9zBuexdr56J
Sj1TRcZBQj6IRwjahVVg
3KFNj2jfN2Arzaa1SLCQ
3yTSzdicnOt0Fo09ADw6
Ey4H9ztWXoE3eK43scm1
59dqqQDkHtvF0ZWIPvtJ
LTfa4aIC9FQY1whYw2sD
rsNmHmcGCpZ5sdkVu2Oi
xX7eHt4aSlLGTdTkygVu
9kCEOHDjiCvLrgLk8WSD
q1zuAKrFPyOd5uZSQTV0
TjA4RhmcgkS1D9PCjyAJ
KgXfci8rmHDScsTUhTEg
jEoCMNTfXaRA895vf5rj
gmvNddZBNblGasbx9bM0
rM89Y01AvIW9jKoJQJkz
djTmRbmXqA1zuOHKDvf9
bEN7FsYRC7w15KaKe4QO
QS3pAYsT8gKfVfBgojJA
jNncCMVbb4P89ZLMIqqu
HQIDmFwc2b4QwjBKF8ci
KtpfIMl1pI8j73RiD6TH
TRNEXuLY9FYFlzelYayB
vBBj8UGbKeLNIwRDeVB3
UBG4Gm3Z3raTfYMvEcwg
eWnQ9CGhbRM7kJR35DKP
UGAsXj8XMsHbwCadTO3I